<?xml version="1.0" encoding="UTF-8"?>
<testng-results skipped="0" failed="0" ignored="0" total="1" passed="1">
  <reporter-output>
  </reporter-output>
  <suite name="Default suite" duration-ms="48" started-at="2020-04-23T18:06:35 IST" finished-at="2020-04-23T18:06:35 IST">
    <groups>
    </groups>
    <test name="Default test" duration-ms="48" started-at="2020-04-23T18:06:35 IST" finished-at="2020-04-23T18:06:35 IST">
      <class name="MavenTestngWithDefaultPom.MavenTestngWithDefaultPom.Hello3">
        <test-method status="PASS" signature="testBefore()[pri:0, instance:MavenTestngWithDefaultPom.MavenTestngWithDefaultPom.Hello3@6c3708b3]" name="testBefore" is-config="true" duration-ms="12" started-at="2020-04-23T18:06:35 IST" finished-at="2020-04-23T18:06:35 IST">
          <reporter-output>
          </reporter-output>
        </test-method> <!-- testBefore -->
        <test-method status="PASS" signature="secoundTest()[pri:0, instance:MavenTestngWithDefaultPom.MavenTestngWithDefaultPom.Hello3@6c3708b3]" name="secoundTest" duration-ms="6" started-at="2020-04-23T18:06:35 IST" finished-at="2020-04-23T18:06:35 IST">
          <reporter-output>
          </reporter-output>
        </test-method> <!-- secoundTest -->
      </class> <!-- MavenTestngWithDefaultPom.MavenTestngWithDefaultPom.Hello3 -->
    </test> <!-- Default test -->
  </suite> <!-- Default suite -->
</testng-results>
